[main 87eb7f1] Auto schedule run npm and update log
 1 file changed, 2 insertions(+), 1 deletion(-)
To https://github.com/Vitor-P/Daily-Quota.git
   ff40d73..87eb7f1  main -> main
On branch main
Your branch is up to date with 'origin/main'.

nothing to commit, working tree clean
Everything up-to-date
On branch main
Your branch is up to date with 'origin/main'.

nothing to commit, working tree clean
Everything up-to-date
On branch main
Your branch is up to date with 'origin/main'.

nothing to commit, working tree clean
Everything up-to-date
[main 75e2c70] Auto schedule run npm and update log
 2 files changed, 2 insertions(+), 2 deletions(-)
To https://github.com/Vitor-P/Daily-Quota.git
   87eb7f1..75e2c70  main -> main
On branch main
Your branch is up to date with 'origin/main'.

nothing to commit, working tree clean
Everything up-to-date
[main e02e545] Auto schedule run npm and update log
 1 file changed, 10 insertions(+)
To https://github.com/Vitor-P/Daily-Quota.git
   75e2c70..e02e545  main -> main
[main 9289d1a] Auto schedule run npm and update log
 1 file changed, 1 insertion(+)
To https://github.com/Vitor-P/Daily-Quota.git
   e02e545..9289d1a  main -> main
. 
START OF NEW ENTRY 
On branch main
Your branch is up to date with 'origin/main'.

Changes not staged for commit:
  (use "git add <file>..." to update what will be committed)
  (use "git restore <file>..." to discard changes in working directory)
	modified:   git-output.log

no changes added to commit (use "git add" and/or "git commit -a")
Everything up-to-date
--- 
START OF NEW ENTRY 
[main 5c73dfd] Auto schedule run npm and update log
 1 file changed, 14 insertions(+)
To https://github.com/Vitor-P/Daily-Quota.git
   ab0a70f..5c73dfd  main -> main
