
> export_quota
> node main.js

GILMAR GILSON HATLEBEN,xulehg@hotmail.com
tidyArr split: Elson Gomes de Vasconcelos,TURBINAS@TERRA.COM.BR
cliente split: GILMAR GILSON HATLEBEN,xulehg@hotmail.com
ID exists, Create Array and Update id ≡ƒƒó" 
 Elson Gomes de Vasconcelos,TURBINAS@TERRA.COM.BR
tidyArr: Elson Gomes de Vasconcelos,TURBINAS@TERRA.COM.BR
cliente: GILMAR GILSON HATLEBEN,xulehg@hotmail.com  
Elson Gomes de Vasconcelos,TURBINAS@TERRA.COM.BR
ID changed Γ£à 1550
Message sent: 250 2.0.0 OK  1726170340 98e67ed59e1d1-2dbb9c7c61dsm90746a91.14 - gsmtp

> export_quota
> node main.js

Elson Gomes de Vasconcelos,TURBINAS@TERRA.COM.BR
tidyArr split: 
cliente split: Elson Gomes de Vasconcelos,TURBINAS@TERRA.COM.BR
No new quota Thu Sep 12 2024 16:59:01 GMT-0300 (Brasilia Standard Time). Process ended. ≡ƒöÜ

> export_quota
> node main.js

Elson Gomes de Vasconcelos,TURBINAS@TERRA.COM.BR
tidyArr split: 
cliente split: Elson Gomes de Vasconcelos,TURBINAS@TERRA.COM.BR
No new quota Thu Sep 12 2024 17:09:02 GMT-0300 (Brasilia Standard Time). Process ended. ≡ƒöÜ
> export_quota
> node main.js

GILMAR GILSON HATLEBEN,xulehg@hotmail.com
tidyArr split: Elson Gomes de Vasconcelos,TURBINAS@TERRA.COM.BR
cliente split: GILMAR GILSON HATLEBEN,xulehg@hotmail.com
ID exists, Create Array and Update id ≡ƒƒó" 
 Elson Gomes de Vasconcelos,TURBINAS@TERRA.COM.BR
tidyArr: Elson Gomes de Vasconcelos,TURBINAS@TERRA.COM.BR
cliente: GILMAR GILSON HATLEBEN,xulehg@hotmail.com
Elson Gomes de Vasconcelos,TURBINAS@TERRA.COM.BR
ID changed Γ£à 1550
Message sent: 250 2.0.0 OK  1726170340 98e67ed59e1d1-2dbb9c7c61dsm90746a91.14 - gsmtp

> export_quota
> node main.js

Elson Gomes de Vasconcelos,TURBINAS@TERRA.COM.BR
tidyArr split: 
cliente split: Elson Gomes de Vasconcelos,TURBINAS@TERRA.COM.BR
No new quota Thu Sep 12 2024 16:59:01 GMT-0300 (Brasilia Standard Time). Process ended. ≡ƒöÜ

> export_quota
> node main.js

Elson Gomes de Vasconcelos,TURBINAS@TERRA.COM.BR
tidyArr split: 
cliente split: Elson Gomes de Vasconcelos,TURBINAS@TERRA.COM.BR
No new quota Thu Sep 12 2024 17:09:02 GMT-0300 (Brasilia Standard Time). Process ended. ≡ƒöÜ
㸊攠灸牯彴畱瑯੡‾潮敤洠楡⹮獪ਊ汅潳⁮潇敭⁳敤嘠獡潣据汥獯听剕䥂䅎䁓䕔剒⹁佃⹍剂琊摩䅹牲猠汰瑩›挊楬湥整猠汰瑩›汅潳⁮潇敭⁳敤嘠獡潣据汥獯听剕䥂䅎䁓䕔剒⹁佃⹍剂上⁯敮⁷畱瑯⁡桔⁵敓⁰㈱㈠㈰‴㜱㔺㨰㤴䜠呍〭〳‰䈨慲楳楬⁡瑓湡慤摲吠浩⥥‮牐捯獥⁳湥敤⹤钟ચ㸊攠灸牯彴畱瑯੡‾潮敤洠楡⹮獪ਊ汅潳⁮潇敭⁳敤嘠獡潣据汥獯听剕䥂䅎䁓䕔剒⹁佃⹍剂琊摩䅹牲猠汰瑩›挊楬湥整猠汰瑩›汅潳⁮潇敭⁳敤嘠獡潣据汥獯听剕䥂䅎䁓䕔剒⹁佃⹍剂上⁯敮⁷畱瑯⁡桔⁵敓⁰㈱㈠㈰‴〲㈺㨸㌱䜠呍〭〳‰䈨慲楳楬⁡瑓湡慤摲吠浩⥥‮牐捯獥⁳湥敤⹤钟ચ

> export_quota
> node main.js

Elson Gomes de Vasconcelos,TURBINAS@TERRA.COM.BR
tidyArr split: 
cliente split: Elson Gomes de Vasconcelos,TURBINAS@TERRA.COM.BR
No new quota Thu Sep 12 2024 20:49:04 GMT-0300 (Brasilia Standard Time). Process ended. ≡ƒöÜ

Node.js v18.14.2
> export_quota
> node main.js

Elson Gomes de Vasconcelos,TURBINAS@TERRA.COM.BR
tidyArr split: 
cliente split: Elson Gomes de Vasconcelos,TURBINAS@TERRA.COM.BR
No new quota Thu Sep 12 2024 22:34:35 GMT-0300 (Brasilia Standard Time). Process ended. ≡ƒöÜ

> export_quota
> node main.js

Elson Gomes de Vasconcelos,TURBINAS@TERRA.COM.BR
tidyArr split: 
cliente split: Elson Gomes de Vasconcelos,TURBINAS@TERRA.COM.BR
No new quota Thu Sep 12 2024 22:50:45 GMT-0300 (Brasilia Standard Time). Process ended. 🔚

> export_quota
> node main.js

Elson Gomes de Vasconcelos,TURBINAS@TERRA.COM.BR
tidyArr split: 
cliente split: Elson Gomes de Vasconcelos,TURBINAS@TERRA.COM.BR
No new quota Thu Sep 12 2024 23:57:23 GMT-0300 (Brasilia Standard Time). Process ended. ðŸ”š

> export_quota
> node main.js

Elson Gomes de Vasconcelos,TURBINAS@TERRA.COM.BR
tidyArr split: 
cliente split: Elson Gomes de Vasconcelos,TURBINAS@TERRA.COM.BR
No new quota Thu Sep 12 2024 23:57:23 GMT-0300 (Brasilia Standard Time). Process ended. ðŸ”š

> export_quota
> node main.js

Elson Gomes de Vasconcelos,TURBINAS@TERRA.COM.BR
tidyArr split: 
cliente split: Elson Gomes de Vasconcelos,TURBINAS@TERRA.COM.BR
No new quota Fri Sep 13 2024 00:12:51 GMT-0300 (Brasilia Standard Time). Process ended. 🔚

> export_quota
> node main.js

Elson Gomes de Vasconcelos,TURBINAS@TERRA.COM.BR
tidyArr split: 
cliente split: Elson Gomes de Vasconcelos,TURBINAS@TERRA.COM.BR
No new quota Fri Sep 13 2024 00:12:51 GMT-0300 (Brasilia Standard Time). Process ended. 🔚

> export_quota
> node main.js

Elson Gomes de Vasconcelos,TURBINAS@TERRA.COM.BR
tidyArr split: 
cliente split: Elson Gomes de Vasconcelos,TURBINAS@TERRA.COM.BR
No new quota Fri Sep 13 2024 00:12:51 GMT-0300 (Brasilia Standard Time). Process ended. 🔚

> export_quota
> node main.js

Elson Gomes de Vasconcelos,TURBINAS@TERRA.COM.BR
tidyArr split: 
cliente split: Elson Gomes de Vasconcelos,TURBINAS@TERRA.COM.BR
No new quota Fri Sep 13 2024 01:25:50 GMT-0300 (Brasilia Standard Time). Process ended. 🔚
